Starting training for attn_bgru_gate model
Device: cuda, Epochs: 30, Batch size: 64
LR: 0.001, Warmup: 1 epochs, Grad clip: 1.0
Mixed precision: True
Early stopping: patience=30 epochs (based on val loss)

============================================================
Epoch 1/30
============================================================
Learning rate: 0.000001
Epoch 1/30 | Train Loss: 2.9652, Val Loss: 1.8061 | Train Acc#: 0.2885, Val Acc#: 0.4111
Saved best checkpoint: outputs/checkpoints/attn_bgru_gate_best.pth (Val Acc: 0.4111)

============================================================
Epoch 2/30
============================================================
Epoch 2/30 | Train Loss: 1.3321, Val Loss: 1.0239 | Train Acc#: 0.5811, Val Acc#: 0.7474
Saved best checkpoint: outputs/checkpoints/attn_bgru_gate_best.pth (Val Acc: 0.7474)

============================================================
Epoch 3/30
============================================================
Epoch 3/30 | Train Loss: 0.7907, Val Loss: 0.7404 | Train Acc#: 0.8257, Val Acc#: 0.8571
Saved best checkpoint: outputs/checkpoints/attn_bgru_gate_best.pth (Val Acc: 0.8571)

============================================================
Epoch 4/30
============================================================
Epoch 4/30 | Train Loss: 0.6079, Val Loss: 0.6227 | Train Acc#: 0.8856, Val Acc#: 0.8519

============================================================
Epoch 5/30
============================================================
Learning rate: 0.000097
Epoch 5/30 | Train Loss: 0.5208, Val Loss: 0.6892 | Train Acc#: 0.9027, Val Acc#: 0.8328 | No improvement: 1/30

============================================================
Epoch 6/30
============================================================
Epoch 6/30 | Train Loss: 0.4624, Val Loss: 0.5321 | Train Acc#: 0.9157, Val Acc#: 0.8850
Saved best checkpoint: outputs/checkpoints/attn_bgru_gate_best.pth (Val Acc: 0.8850)

============================================================
Epoch 7/30
============================================================
Epoch 7/30 | Train Loss: 0.3880, Val Loss: 0.7194 | Train Acc#: 0.9177, Val Acc#: 0.8066 | No improvement: 1/30

============================================================
Epoch 8/30
============================================================
Epoch 8/30 | Train Loss: 0.3510, Val Loss: 0.3332 | Train Acc#: 0.9224, Val Acc#: 0.9303
Saved best checkpoint: outputs/checkpoints/attn_bgru_gate_best.pth (Val Acc: 0.9303)

============================================================
Epoch 9/30
============================================================
Epoch 9/30 | Train Loss: 0.3077, Val Loss: 0.3872 | Train Acc#: 0.9311, Val Acc#: 0.9059 | No improvement: 1/30

============================================================
Epoch 10/30
============================================================
Learning rate: 0.000082
Epoch 10/30 | Train Loss: 0.2554, Val Loss: 0.4431 | Train Acc#: 0.9438, Val Acc#: 0.9024 | No improvement: 2/30

============================================================
Epoch 11/30
============================================================
Epoch 11/30 | Train Loss: 0.2676, Val Loss: 0.3217 | Train Acc#: 0.9403, Val Acc#: 0.9233

============================================================
Epoch 12/30
============================================================
Epoch 12/30 | Train Loss: 0.2364, Val Loss: 0.3359 | Train Acc#: 0.9532, Val Acc#: 0.9216 | No improvement: 1/30

============================================================
Epoch 13/30
============================================================
Epoch 13/30 | Train Loss: 0.2460, Val Loss: 0.2479 | Train Acc#: 0.9506, Val Acc#: 0.9634
Saved best checkpoint: outputs/checkpoints/attn_bgru_gate_best.pth (Val Acc: 0.9634)

============================================================
Epoch 14/30
============================================================
Epoch 14/30 | Train Loss: 0.2205, Val Loss: 0.2836 | Train Acc#: 0.9553, Val Acc#: 0.9408 | No improvement: 1/30

============================================================
Epoch 15/30
============================================================
Learning rate: 0.000058
Epoch 15/30 | Train Loss: 0.1984, Val Loss: 0.2609 | Train Acc#: 0.9602, Val Acc#: 0.9425 | No improvement: 2/30

============================================================
Epoch 16/30
============================================================
Epoch 16/30 | Train Loss: nan, Val Loss: nan | Train Acc#: 0.0133, Val Acc#: 0.0000 | No improvement: 3/30

============================================================
Epoch 17/30
============================================================
Epoch 17/30 | Train Loss: nan, Val Loss: nan | Train Acc#: 0.0000, Val Acc#: 0.0000 | No improvement: 4/30

============================================================
Epoch 18/30
============================================================
Epoch 18/30 | Train Loss: nan, Val Loss: nan | Train Acc#: 0.0000, Val Acc#: 0.0000 | No improvement: 5/30

============================================================
Epoch 19/30
============================================================
Epoch 19/30 | Train Loss: nan, Val Loss: nan | Train Acc#: 0.0000, Val Acc#: 0.0000 | No improvement: 6/30

============================================================
Epoch 20/30
============================================================
Learning rate: 0.000031
Epoch 20/30 | Train Loss: nan, Val Loss: nan | Train Acc#: 0.0000, Val Acc#: 0.0000 | No improvement: 7/30

============================================================
Epoch 21/30
============================================================
Epoch 21/30 | Train Loss: nan, Val Loss: nan | Train Acc#: 0.0000, Val Acc#: 0.0000 | No improvement: 8/30

============================================================
Epoch 22/30
============================================================
Epoch 22/30 | Train Loss: nan, Val Loss: nan | Train Acc#: 0.0000, Val Acc#: 0.0000 | No improvement: 9/30

============================================================
Epoch 23/30
============================================================
Epoch 23/30 | Train Loss: nan, Val Loss: nan | Train Acc#: 0.0000, Val Acc#: 0.0000 | No improvement: 10/30

============================================================
Epoch 24/30
============================================================
Epoch 24/30 | Train Loss: nan, Val Loss: nan | Train Acc#: 0.0000, Val Acc#: 0.0000 | No improvement: 11/30

============================================================
Epoch 25/30
============================================================
Learning rate: 0.000010
Epoch 25/30 | Train Loss: nan, Val Loss: nan | Train Acc#: 0.0000, Val Acc#: 0.0000 | No improvement: 12/30

============================================================
Epoch 26/30
============================================================
Epoch 26/30 | Train Loss: nan, Val Loss: nan | Train Acc#: 0.0000, Val Acc#: 0.0000 | No improvement: 13/30

============================================================
Epoch 27/30
============================================================
Epoch 27/30 | Train Loss: nan, Val Loss: nan | Train Acc#: 0.0000, Val Acc#: 0.0000 | No improvement: 14/30

============================================================
Epoch 28/30
============================================================
Epoch 28/30 | Train Loss: nan, Val Loss: nan | Train Acc#: 0.0000, Val Acc#: 0.0000 | No improvement: 15/30

============================================================
Epoch 29/30
============================================================
Epoch 29/30 | Train Loss: nan, Val Loss: nan | Train Acc#: 0.0000, Val Acc#: 0.0000 | No improvement: 16/30

============================================================
Epoch 30/30
============================================================
Learning rate: 0.000000
Epoch 30/30 | Train Loss: nan, Val Loss: nan | Train Acc#: 0.0000, Val Acc#: 0.0000 | No improvement: 17/30

Evaluating on test set with best model...
Test Metrics:
  Loss: 0.2792
  Acc Number: 0.9330
  Acc Tens: 0.9725
  Acc Ones: 0.9553
