Starting training for attn_bgru_luong model
Device: cuda, Epochs: 30, Batch size: 64
LR: 0.001, Warmup: 1 epochs, Grad clip: 1.0
Mixed precision: True
Early stopping: patience=30 epochs (based on val loss)

============================================================
Epoch 1/30
============================================================
Learning rate: 0.000001
Epoch 1/30 | Train Loss: 2.2871, Val Loss: 0.6212 | Train Acc#: 0.4179, Val Acc#: 0.8084
Saved best checkpoint: outputs/checkpoints/attn_bgru_luong_best.pth (Val Acc: 0.8084)

============================================================
Epoch 2/30
============================================================
Epoch 2/30 | Train Loss: 0.3240, Val Loss: 0.2411 | Train Acc#: 0.9149, Val Acc#: 0.9373
Saved best checkpoint: outputs/checkpoints/attn_bgru_luong_best.pth (Val Acc: 0.9373)

============================================================
Epoch 3/30
============================================================
Epoch 3/30 | Train Loss: 0.1363, Val Loss: 0.1554 | Train Acc#: 0.9664, Val Acc#: 0.9617
Saved best checkpoint: outputs/checkpoints/attn_bgru_luong_best.pth (Val Acc: 0.9617)

============================================================
Epoch 4/30
============================================================
Epoch 4/30 | Train Loss: 0.0793, Val Loss: 0.1974 | Train Acc#: 0.9773, Val Acc#: 0.9460 | No improvement: 1/30

============================================================
Epoch 5/30
============================================================
Learning rate: 0.000097
Epoch 5/30 | Train Loss: 0.0618, Val Loss: 0.1716 | Train Acc#: 0.9842, Val Acc#: 0.9477 | No improvement: 2/30

============================================================
Epoch 6/30
============================================================
Epoch 6/30 | Train Loss: 0.0426, Val Loss: 0.1563 | Train Acc#: 0.9895, Val Acc#: 0.9564 | No improvement: 3/30

============================================================
Epoch 7/30
============================================================
Epoch 7/30 | Train Loss: 0.0381, Val Loss: 0.1402 | Train Acc#: 0.9906, Val Acc#: 0.9686
Saved best checkpoint: outputs/checkpoints/attn_bgru_luong_best.pth (Val Acc: 0.9686)

============================================================
Epoch 8/30
============================================================
Epoch 8/30 | Train Loss: 0.0342, Val Loss: 0.1141 | Train Acc#: 0.9912, Val Acc#: 0.9721
Saved best checkpoint: outputs/checkpoints/attn_bgru_luong_best.pth (Val Acc: 0.9721)

============================================================
Epoch 9/30
============================================================
Epoch 9/30 | Train Loss: 0.0213, Val Loss: 0.1511 | Train Acc#: 0.9947, Val Acc#: 0.9634 | No improvement: 1/30

============================================================
Epoch 10/30
============================================================
Learning rate: 0.000082
Epoch 10/30 | Train Loss: 0.0193, Val Loss: 0.1130 | Train Acc#: 0.9951, Val Acc#: 0.9704

============================================================
Epoch 11/30
============================================================
Epoch 11/30 | Train Loss: 0.0110, Val Loss: 0.1038 | Train Acc#: 0.9974, Val Acc#: 0.9739
Saved best checkpoint: outputs/checkpoints/attn_bgru_luong_best.pth (Val Acc: 0.9739)

============================================================
Epoch 12/30
============================================================
Epoch 12/30 | Train Loss: 0.0074, Val Loss: 0.0813 | Train Acc#: 0.9981, Val Acc#: 0.9791
Saved best checkpoint: outputs/checkpoints/attn_bgru_luong_best.pth (Val Acc: 0.9791)

============================================================
Epoch 13/30
============================================================
Epoch 13/30 | Train Loss: 0.0066, Val Loss: 0.0883 | Train Acc#: 0.9983, Val Acc#: 0.9791 | No improvement: 1/30

============================================================
Epoch 14/30
============================================================
Epoch 14/30 | Train Loss: 0.0056, Val Loss: 0.0982 | Train Acc#: 0.9983, Val Acc#: 0.9774 | No improvement: 2/30

============================================================
Epoch 15/30
============================================================
Learning rate: 0.000058
Epoch 15/30 | Train Loss: 0.0078, Val Loss: 0.0876 | Train Acc#: 0.9987, Val Acc#: 0.9774 | No improvement: 3/30

============================================================
Epoch 16/30
============================================================
Epoch 16/30 | Train Loss: 0.0059, Val Loss: 0.0783 | Train Acc#: 0.9985, Val Acc#: 0.9791

============================================================
Epoch 17/30
============================================================
Epoch 17/30 | Train Loss: 0.0059, Val Loss: 0.1075 | Train Acc#: 0.9985, Val Acc#: 0.9774 | No improvement: 1/30

============================================================
Epoch 18/30
============================================================
Epoch 18/30 | Train Loss: 0.0020, Val Loss: 0.1074 | Train Acc#: 0.9994, Val Acc#: 0.9791 | No improvement: 2/30

============================================================
Epoch 19/30
============================================================
Epoch 19/30 | Train Loss: 0.0030, Val Loss: 0.1063 | Train Acc#: 0.9991, Val Acc#: 0.9739 | No improvement: 3/30

============================================================
Epoch 20/30
============================================================
Learning rate: 0.000031
Epoch 20/30 | Train Loss: 0.0054, Val Loss: 0.1050 | Train Acc#: 0.9987, Val Acc#: 0.9791 | No improvement: 4/30

============================================================
Epoch 21/30
============================================================
Epoch 21/30 | Train Loss: 0.0029, Val Loss: 0.0950 | Train Acc#: 0.9989, Val Acc#: 0.9826 | No improvement: 5/30
Saved best checkpoint: outputs/checkpoints/attn_bgru_luong_best.pth (Val Acc: 0.9826)

============================================================
Epoch 22/30
============================================================
Epoch 22/30 | Train Loss: 0.0013, Val Loss: 0.0917 | Train Acc#: 0.9996, Val Acc#: 0.9826 | No improvement: 6/30

============================================================
Epoch 23/30
============================================================
Epoch 23/30 | Train Loss: 0.0024, Val Loss: 0.0861 | Train Acc#: 0.9996, Val Acc#: 0.9791 | No improvement: 7/30

============================================================
Epoch 24/30
============================================================
Epoch 24/30 | Train Loss: 0.0038, Val Loss: 0.0985 | Train Acc#: 0.9989, Val Acc#: 0.9739 | No improvement: 8/30

============================================================
Epoch 25/30
============================================================
Learning rate: 0.000010
Epoch 25/30 | Train Loss: 0.0020, Val Loss: 0.0960 | Train Acc#: 0.9994, Val Acc#: 0.9774 | No improvement: 9/30

============================================================
Epoch 26/30
============================================================
Epoch 26/30 | Train Loss: 0.0010, Val Loss: 0.0975 | Train Acc#: 0.9998, Val Acc#: 0.9756 | No improvement: 10/30

============================================================
Epoch 27/30
============================================================
Epoch 27/30 | Train Loss: 0.0010, Val Loss: 0.0861 | Train Acc#: 0.9998, Val Acc#: 0.9808 | No improvement: 11/30

============================================================
Epoch 28/30
============================================================
Epoch 28/30 | Train Loss: 0.0018, Val Loss: 0.0896 | Train Acc#: 0.9996, Val Acc#: 0.9791 | No improvement: 12/30

============================================================
Epoch 29/30
============================================================
Epoch 29/30 | Train Loss: 0.0011, Val Loss: 0.0917 | Train Acc#: 0.9998, Val Acc#: 0.9808 | No improvement: 13/30

============================================================
Epoch 30/30
============================================================
Learning rate: 0.000000
Epoch 30/30 | Train Loss: 0.0017, Val Loss: 0.0892 | Train Acc#: 0.9996, Val Acc#: 0.9826 | No improvement: 14/30

Evaluating on test set with best model...
Test Metrics:
  Loss: 0.0839
  Acc Number: 0.9863
  Acc Tens: 0.9948
  Acc Ones: 0.9880
