Starting training for attn_bgru_hc model
Device: cuda, Epochs: 30, Batch size: 64
LR: 0.001, Warmup: 1 epochs, Grad clip: 1.0
Mixed precision: True
Early stopping: patience=30 epochs (based on val loss)

============================================================
Epoch 1/30
============================================================
Learning rate: 0.000001
Epoch 1/30 | Train Loss: 2.3167, Val Loss: 0.7813 | Train Acc#: 0.4237, Val Acc#: 0.7073
Saved best checkpoint: outputs/checkpoints/attn_bgru_hc_best.pth (Val Acc: 0.7073)

============================================================
Epoch 2/30
============================================================
Epoch 2/30 | Train Loss: 0.3290, Val Loss: 0.2237 | Train Acc#: 0.9134, Val Acc#: 0.9355
Saved best checkpoint: outputs/checkpoints/attn_bgru_hc_best.pth (Val Acc: 0.9355)

============================================================
Epoch 3/30
============================================================
Epoch 3/30 | Train Loss: 0.1253, Val Loss: 0.1437 | Train Acc#: 0.9726, Val Acc#: 0.9599
Saved best checkpoint: outputs/checkpoints/attn_bgru_hc_best.pth (Val Acc: 0.9599)

============================================================
Epoch 4/30
============================================================
Epoch 4/30 | Train Loss: 0.0755, Val Loss: 0.1461 | Train Acc#: 0.9816, Val Acc#: 0.9634 | No improvement: 1/30
Saved best checkpoint: outputs/checkpoints/attn_bgru_hc_best.pth (Val Acc: 0.9634)

============================================================
Epoch 5/30
============================================================
Learning rate: 0.000097
Epoch 5/30 | Train Loss: 0.0457, Val Loss: 0.1355 | Train Acc#: 0.9893, Val Acc#: 0.9652
Saved best checkpoint: outputs/checkpoints/attn_bgru_hc_best.pth (Val Acc: 0.9652)

============================================================
Epoch 6/30
============================================================
Epoch 6/30 | Train Loss: 0.0241, Val Loss: 0.1375 | Train Acc#: 0.9938, Val Acc#: 0.9634 | No improvement: 1/30

============================================================
Epoch 7/30
============================================================
Epoch 7/30 | Train Loss: 0.0206, Val Loss: 0.1214 | Train Acc#: 0.9947, Val Acc#: 0.9669
Saved best checkpoint: outputs/checkpoints/attn_bgru_hc_best.pth (Val Acc: 0.9669)

============================================================
Epoch 8/30
============================================================
Epoch 8/30 | Train Loss: 0.0129, Val Loss: 0.1051 | Train Acc#: 0.9970, Val Acc#: 0.9704
Saved best checkpoint: outputs/checkpoints/attn_bgru_hc_best.pth (Val Acc: 0.9704)

============================================================
Epoch 9/30
============================================================
Epoch 9/30 | Train Loss: 0.0117, Val Loss: 0.0819 | Train Acc#: 0.9968, Val Acc#: 0.9808
Saved best checkpoint: outputs/checkpoints/attn_bgru_hc_best.pth (Val Acc: 0.9808)

============================================================
Epoch 10/30
============================================================
Learning rate: 0.000082
Epoch 10/30 | Train Loss: 0.0071, Val Loss: 0.0986 | Train Acc#: 0.9985, Val Acc#: 0.9739 | No improvement: 1/30

============================================================
Epoch 11/30
============================================================
Epoch 11/30 | Train Loss: 0.0076, Val Loss: 0.0790 | Train Acc#: 0.9983, Val Acc#: 0.9826
Saved best checkpoint: outputs/checkpoints/attn_bgru_hc_best.pth (Val Acc: 0.9826)

============================================================
Epoch 12/30
============================================================
Epoch 12/30 | Train Loss: 0.0075, Val Loss: 0.0985 | Train Acc#: 0.9987, Val Acc#: 0.9791 | No improvement: 1/30

============================================================
Epoch 13/30
============================================================
Epoch 13/30 | Train Loss: 0.0087, Val Loss: 0.1021 | Train Acc#: 0.9974, Val Acc#: 0.9774 | No improvement: 2/30

============================================================
Epoch 14/30
============================================================
Epoch 14/30 | Train Loss: 0.0032, Val Loss: 0.0869 | Train Acc#: 0.9994, Val Acc#: 0.9808 | No improvement: 3/30

============================================================
Epoch 15/30
============================================================
Learning rate: 0.000058
Epoch 15/30 | Train Loss: 0.0042, Val Loss: 0.0673 | Train Acc#: 0.9985, Val Acc#: 0.9895
Saved best checkpoint: outputs/checkpoints/attn_bgru_hc_best.pth (Val Acc: 0.9895)

============================================================
Epoch 16/30
============================================================
Epoch 16/30 | Train Loss: 0.0021, Val Loss: 0.0808 | Train Acc#: 0.9996, Val Acc#: 0.9791 | No improvement: 1/30

============================================================
Epoch 17/30
============================================================
Epoch 17/30 | Train Loss: 0.0025, Val Loss: 0.0746 | Train Acc#: 0.9996, Val Acc#: 0.9843 | No improvement: 2/30

============================================================
Epoch 18/30
============================================================
Epoch 18/30 | Train Loss: 0.0027, Val Loss: 0.0815 | Train Acc#: 0.9989, Val Acc#: 0.9826 | No improvement: 3/30

============================================================
Epoch 19/30
============================================================
Epoch 19/30 | Train Loss: 0.0021, Val Loss: 0.0748 | Train Acc#: 0.9996, Val Acc#: 0.9843 | No improvement: 4/30

============================================================
Epoch 20/30
============================================================
Learning rate: 0.000031
Epoch 20/30 | Train Loss: 0.0016, Val Loss: 0.0815 | Train Acc#: 0.9998, Val Acc#: 0.9826 | No improvement: 5/30

============================================================
Epoch 21/30
============================================================
Epoch 21/30 | Train Loss: 0.0019, Val Loss: 0.0712 | Train Acc#: 0.9991, Val Acc#: 0.9878 | No improvement: 6/30

============================================================
Epoch 22/30
============================================================
Epoch 22/30 | Train Loss: 0.0013, Val Loss: 0.0691 | Train Acc#: 0.9996, Val Acc#: 0.9861 | No improvement: 7/30

============================================================
Epoch 23/30
============================================================
Epoch 23/30 | Train Loss: 0.0011, Val Loss: 0.0785 | Train Acc#: 0.9998, Val Acc#: 0.9861 | No improvement: 8/30

============================================================
Epoch 24/30
============================================================
Epoch 24/30 | Train Loss: 0.0016, Val Loss: 0.0749 | Train Acc#: 0.9998, Val Acc#: 0.9861 | No improvement: 9/30

============================================================
Epoch 25/30
============================================================
Learning rate: 0.000010
Epoch 25/30 | Train Loss: 0.0011, Val Loss: 0.0769 | Train Acc#: 0.9996, Val Acc#: 0.9843 | No improvement: 10/30

============================================================
Epoch 26/30
============================================================
Epoch 26/30 | Train Loss: 0.0010, Val Loss: 0.0760 | Train Acc#: 0.9996, Val Acc#: 0.9878 | No improvement: 11/30

============================================================
Epoch 27/30
============================================================
Epoch 27/30 | Train Loss: 0.0013, Val Loss: 0.0773 | Train Acc#: 0.9994, Val Acc#: 0.9843 | No improvement: 12/30

============================================================
Epoch 28/30
============================================================
Epoch 28/30 | Train Loss: 0.0009, Val Loss: 0.0795 | Train Acc#: 0.9996, Val Acc#: 0.9826 | No improvement: 13/30

============================================================
Epoch 29/30
============================================================
Epoch 29/30 | Train Loss: 0.0011, Val Loss: 0.0811 | Train Acc#: 0.9998, Val Acc#: 0.9826 | No improvement: 14/30

============================================================
Epoch 30/30
============================================================
Learning rate: 0.000000
Epoch 30/30 | Train Loss: 0.0010, Val Loss: 0.0791 | Train Acc#: 0.9998, Val Acc#: 0.9826 | No improvement: 15/30

Evaluating on test set with best model...
Test Metrics:
  Loss: 0.1233
  Acc Number: 0.9777
  Acc Tens: 0.9966
  Acc Ones: 0.9794
