Starting training for attn_bgru_luong model
Device: cuda, Epochs: 30, Batch size: 64
LR: 0.001, Warmup: 1 epochs, Grad clip: 1.0
Mixed precision: True
Early stopping: patience=30 epochs (based on val loss)

============================================================
Epoch 1/30
============================================================
Learning rate: 0.000001
Epoch 1/30 | Train Loss: 2.2038, Val Loss: 0.6948 | Train Acc#: 0.4525, Val Acc#: 0.7909
Saved best checkpoint: outputs/checkpoints/attn_bgru_luong_best.pth (Val Acc: 0.7909)

============================================================
Epoch 2/30
============================================================
Epoch 2/30 | Train Loss: 0.3288, Val Loss: 0.2580 | Train Acc#: 0.9125, Val Acc#: 0.9355
Saved best checkpoint: outputs/checkpoints/attn_bgru_luong_best.pth (Val Acc: 0.9355)

============================================================
Epoch 3/30
============================================================
Epoch 3/30 | Train Loss: 0.1257, Val Loss: 0.1785 | Train Acc#: 0.9688, Val Acc#: 0.9495
Saved best checkpoint: outputs/checkpoints/attn_bgru_luong_best.pth (Val Acc: 0.9495)

============================================================
Epoch 4/30
============================================================
Epoch 4/30 | Train Loss: 0.0786, Val Loss: 0.1639 | Train Acc#: 0.9799, Val Acc#: 0.9547
Saved best checkpoint: outputs/checkpoints/attn_bgru_luong_best.pth (Val Acc: 0.9547)

============================================================
Epoch 5/30
============================================================
Learning rate: 0.000097
Epoch 5/30 | Train Loss: 0.0546, Val Loss: 0.1468 | Train Acc#: 0.9850, Val Acc#: 0.9652
Saved best checkpoint: outputs/checkpoints/attn_bgru_luong_best.pth (Val Acc: 0.9652)

============================================================
Epoch 6/30
============================================================
Epoch 6/30 | Train Loss: 0.0476, Val Loss: 0.1358 | Train Acc#: 0.9882, Val Acc#: 0.9599

============================================================
Epoch 7/30
============================================================
Epoch 7/30 | Train Loss: 0.0294, Val Loss: 0.1449 | Train Acc#: 0.9919, Val Acc#: 0.9582 | No improvement: 1/30

============================================================
Epoch 8/30
============================================================
Epoch 8/30 | Train Loss: 0.0259, Val Loss: 0.1418 | Train Acc#: 0.9934, Val Acc#: 0.9599 | No improvement: 2/30

============================================================
Epoch 9/30
============================================================
Epoch 9/30 | Train Loss: 0.0234, Val Loss: 0.1034 | Train Acc#: 0.9936, Val Acc#: 0.9756
Saved best checkpoint: outputs/checkpoints/attn_bgru_luong_best.pth (Val Acc: 0.9756)

============================================================
Epoch 10/30
============================================================
Learning rate: 0.000082
Epoch 10/30 | Train Loss: 0.0164, Val Loss: 0.0895 | Train Acc#: 0.9957, Val Acc#: 0.9756

============================================================
Epoch 11/30
============================================================
Epoch 11/30 | Train Loss: 0.0062, Val Loss: 0.1639 | Train Acc#: 0.9983, Val Acc#: 0.9634 | No improvement: 1/30

============================================================
Epoch 12/30
============================================================
Epoch 12/30 | Train Loss: 0.0203, Val Loss: 0.1448 | Train Acc#: 0.9951, Val Acc#: 0.9634 | No improvement: 2/30

============================================================
Epoch 13/30
============================================================
Epoch 13/30 | Train Loss: 0.0087, Val Loss: 0.1298 | Train Acc#: 0.9979, Val Acc#: 0.9686 | No improvement: 3/30

============================================================
Epoch 14/30
============================================================
Epoch 14/30 | Train Loss: 0.0079, Val Loss: 0.0879 | Train Acc#: 0.9983, Val Acc#: 0.9774
Saved best checkpoint: outputs/checkpoints/attn_bgru_luong_best.pth (Val Acc: 0.9774)

============================================================
Epoch 15/30
============================================================
Learning rate: 0.000058
Epoch 15/30 | Train Loss: 0.0026, Val Loss: 0.0739 | Train Acc#: 0.9994, Val Acc#: 0.9843
Saved best checkpoint: outputs/checkpoints/attn_bgru_luong_best.pth (Val Acc: 0.9843)

============================================================
Epoch 16/30
============================================================
Epoch 16/30 | Train Loss: 0.0046, Val Loss: 0.1015 | Train Acc#: 0.9985, Val Acc#: 0.9791 | No improvement: 1/30

============================================================
Epoch 17/30
============================================================
Epoch 17/30 | Train Loss: 0.0028, Val Loss: 0.0880 | Train Acc#: 0.9991, Val Acc#: 0.9791 | No improvement: 2/30

============================================================
Epoch 18/30
============================================================
Epoch 18/30 | Train Loss: 0.0018, Val Loss: 0.0691 | Train Acc#: 0.9996, Val Acc#: 0.9878
Saved best checkpoint: outputs/checkpoints/attn_bgru_luong_best.pth (Val Acc: 0.9878)

============================================================
Epoch 19/30
============================================================
Epoch 19/30 | Train Loss: 0.0026, Val Loss: 0.1176 | Train Acc#: 0.9987, Val Acc#: 0.9704 | No improvement: 1/30

============================================================
Epoch 20/30
============================================================
Learning rate: 0.000031
Epoch 20/30 | Train Loss: 0.0023, Val Loss: 0.1049 | Train Acc#: 0.9994, Val Acc#: 0.9774 | No improvement: 2/30

============================================================
Epoch 21/30
============================================================
Epoch 21/30 | Train Loss: 0.0022, Val Loss: 0.0974 | Train Acc#: 0.9994, Val Acc#: 0.9808 | No improvement: 3/30

============================================================
Epoch 22/30
============================================================
Epoch 22/30 | Train Loss: 0.0013, Val Loss: 0.0786 | Train Acc#: 0.9994, Val Acc#: 0.9861 | No improvement: 4/30

============================================================
Epoch 23/30
============================================================
Epoch 23/30 | Train Loss: 0.0009, Val Loss: 0.0776 | Train Acc#: 0.9998, Val Acc#: 0.9878 | No improvement: 5/30

============================================================
Epoch 24/30
============================================================
Epoch 24/30 | Train Loss: 0.0012, Val Loss: 0.0808 | Train Acc#: 0.9996, Val Acc#: 0.9826 | No improvement: 6/30

============================================================
Epoch 25/30
============================================================
Learning rate: 0.000010
Epoch 25/30 | Train Loss: 0.0014, Val Loss: 0.0846 | Train Acc#: 0.9996, Val Acc#: 0.9808 | No improvement: 7/30

============================================================
Epoch 26/30
============================================================
Epoch 26/30 | Train Loss: 0.0010, Val Loss: 0.0883 | Train Acc#: 0.9998, Val Acc#: 0.9774 | No improvement: 8/30

============================================================
Epoch 27/30
============================================================
Epoch 27/30 | Train Loss: 0.0010, Val Loss: 0.0887 | Train Acc#: 0.9998, Val Acc#: 0.9826 | No improvement: 9/30

============================================================
Epoch 28/30
============================================================
Epoch 28/30 | Train Loss: 0.0012, Val Loss: 0.0843 | Train Acc#: 0.9998, Val Acc#: 0.9826 | No improvement: 10/30

============================================================
Epoch 29/30
============================================================
Epoch 29/30 | Train Loss: 0.0033, Val Loss: 0.0870 | Train Acc#: 0.9991, Val Acc#: 0.9826 | No improvement: 11/30

============================================================
Epoch 30/30
============================================================
Learning rate: 0.000000
Epoch 30/30 | Train Loss: 0.0009, Val Loss: 0.0870 | Train Acc#: 0.9998, Val Acc#: 0.9808 | No improvement: 12/30

Evaluating on test set with best model...
Test Metrics:
  Loss: 0.0994
  Acc Number: 0.9863
  Acc Tens: 0.9966
  Acc Ones: 0.9880
