Starting training for attn_ugru_hc model
Device: cuda, Epochs: 30, Batch size: 64
LR: 0.001, Warmup: 1 epochs, Grad clip: 1.0
Mixed precision: True
Early stopping: patience=30 epochs (based on val loss)

============================================================
Epoch 1/30
============================================================
Learning rate: 0.000001
Epoch 1/30 | Train Loss: 2.6390, Val Loss: 0.9833 | Train Acc#: 0.3554, Val Acc#: 0.7387
Saved best checkpoint: outputs/checkpoints/attn_ugru_hc_best.pth (Val Acc: 0.7387)

============================================================
Epoch 2/30
============================================================
Epoch 2/30 | Train Loss: 0.4836, Val Loss: 0.2664 | Train Acc#: 0.9012, Val Acc#: 0.9495
Saved best checkpoint: outputs/checkpoints/attn_ugru_hc_best.pth (Val Acc: 0.9495)

============================================================
Epoch 3/30
============================================================
Epoch 3/30 | Train Loss: 0.1700, Val Loss: 0.1827 | Train Acc#: 0.9716, Val Acc#: 0.9652
Saved best checkpoint: outputs/checkpoints/attn_ugru_hc_best.pth (Val Acc: 0.9652)

============================================================
Epoch 4/30
============================================================
Epoch 4/30 | Train Loss: 0.0947, Val Loss: 0.1340 | Train Acc#: 0.9831, Val Acc#: 0.9686
Saved best checkpoint: outputs/checkpoints/attn_ugru_hc_best.pth (Val Acc: 0.9686)

============================================================
Epoch 5/30
============================================================
Learning rate: 0.000097
Epoch 5/30 | Train Loss: 0.0561, Val Loss: 0.1172 | Train Acc#: 0.9908, Val Acc#: 0.9669

============================================================
Epoch 6/30
============================================================
Epoch 6/30 | Train Loss: 0.0441, Val Loss: 0.1283 | Train Acc#: 0.9921, Val Acc#: 0.9739 | No improvement: 1/30
Saved best checkpoint: outputs/checkpoints/attn_ugru_hc_best.pth (Val Acc: 0.9739)

============================================================
Epoch 7/30
============================================================
Epoch 7/30 | Train Loss: 0.0268, Val Loss: 0.1130 | Train Acc#: 0.9957, Val Acc#: 0.9739

============================================================
Epoch 8/30
============================================================
Epoch 8/30 | Train Loss: 0.0247, Val Loss: 0.0916 | Train Acc#: 0.9951, Val Acc#: 0.9791
Saved best checkpoint: outputs/checkpoints/attn_ugru_hc_best.pth (Val Acc: 0.9791)

============================================================
Epoch 9/30
============================================================
Epoch 9/30 | Train Loss: 0.0145, Val Loss: 0.1128 | Train Acc#: 0.9976, Val Acc#: 0.9721 | No improvement: 1/30

============================================================
Epoch 10/30
============================================================
Learning rate: 0.000082
Epoch 10/30 | Train Loss: 0.0134, Val Loss: 0.1036 | Train Acc#: 0.9983, Val Acc#: 0.9756 | No improvement: 2/30

============================================================
Epoch 11/30
============================================================
Epoch 11/30 | Train Loss: 0.0115, Val Loss: 0.0828 | Train Acc#: 0.9976, Val Acc#: 0.9843
Saved best checkpoint: outputs/checkpoints/attn_ugru_hc_best.pth (Val Acc: 0.9843)

============================================================
Epoch 12/30
============================================================
Epoch 12/30 | Train Loss: 0.0065, Val Loss: 0.0909 | Train Acc#: 0.9991, Val Acc#: 0.9843 | No improvement: 1/30

============================================================
Epoch 13/30
============================================================
Epoch 13/30 | Train Loss: 0.0071, Val Loss: 0.0758 | Train Acc#: 0.9989, Val Acc#: 0.9826

============================================================
Epoch 14/30
============================================================
Epoch 14/30 | Train Loss: 0.0065, Val Loss: 0.0977 | Train Acc#: 0.9987, Val Acc#: 0.9808 | No improvement: 1/30

============================================================
Epoch 15/30
============================================================
Learning rate: 0.000058
Epoch 15/30 | Train Loss: 0.0042, Val Loss: 0.0934 | Train Acc#: 0.9996, Val Acc#: 0.9808 | No improvement: 2/30

============================================================
Epoch 16/30
============================================================
Epoch 16/30 | Train Loss: 0.0035, Val Loss: 0.0902 | Train Acc#: 0.9994, Val Acc#: 0.9808 | No improvement: 3/30

============================================================
Epoch 17/30
============================================================
Epoch 17/30 | Train Loss: 0.0040, Val Loss: 0.0780 | Train Acc#: 0.9994, Val Acc#: 0.9808 | No improvement: 4/30

============================================================
Epoch 18/30
============================================================
Epoch 18/30 | Train Loss: 0.0031, Val Loss: 0.0734 | Train Acc#: 0.9996, Val Acc#: 0.9843

============================================================
Epoch 19/30
============================================================
Epoch 19/30 | Train Loss: 0.0027, Val Loss: 0.0709 | Train Acc#: 0.9998, Val Acc#: 0.9826

============================================================
Epoch 20/30
============================================================
Learning rate: 0.000031
Epoch 20/30 | Train Loss: 0.0027, Val Loss: 0.0740 | Train Acc#: 0.9998, Val Acc#: 0.9878 | No improvement: 1/30
Saved best checkpoint: outputs/checkpoints/attn_ugru_hc_best.pth (Val Acc: 0.9878)

============================================================
Epoch 21/30
============================================================
Epoch 21/30 | Train Loss: 0.0026, Val Loss: 0.0763 | Train Acc#: 0.9996, Val Acc#: 0.9878 | No improvement: 2/30

============================================================
Epoch 22/30
============================================================
Epoch 22/30 | Train Loss: 0.0024, Val Loss: 0.0755 | Train Acc#: 0.9998, Val Acc#: 0.9878 | No improvement: 3/30

============================================================
Epoch 23/30
============================================================
Epoch 23/30 | Train Loss: 0.0029, Val Loss: 0.0688 | Train Acc#: 0.9998, Val Acc#: 0.9861

============================================================
Epoch 24/30
============================================================
Epoch 24/30 | Train Loss: nan, Val Loss: nan | Train Acc#: 0.0137, Val Acc#: 0.0000 | No improvement: 1/30

============================================================
Epoch 25/30
============================================================
Learning rate: 0.000010
Epoch 25/30 | Train Loss: nan, Val Loss: nan | Train Acc#: 0.0000, Val Acc#: 0.0000 | No improvement: 2/30

============================================================
Epoch 26/30
============================================================
Epoch 26/30 | Train Loss: nan, Val Loss: nan | Train Acc#: 0.0000, Val Acc#: 0.0000 | No improvement: 3/30

============================================================
Epoch 27/30
============================================================
Epoch 27/30 | Train Loss: nan, Val Loss: nan | Train Acc#: 0.0000, Val Acc#: 0.0000 | No improvement: 4/30

============================================================
Epoch 28/30
============================================================
Epoch 28/30 | Train Loss: nan, Val Loss: nan | Train Acc#: 0.0000, Val Acc#: 0.0000 | No improvement: 5/30

============================================================
Epoch 29/30
============================================================
Epoch 29/30 | Train Loss: nan, Val Loss: nan | Train Acc#: 0.0000, Val Acc#: 0.0000 | No improvement: 6/30

============================================================
Epoch 30/30
============================================================
Learning rate: 0.000000
Epoch 30/30 | Train Loss: nan, Val Loss: nan | Train Acc#: 0.0000, Val Acc#: 0.0000 | No improvement: 7/30

Evaluating on test set with best model...
Test Metrics:
  Loss: 0.0997
  Acc Number: 0.9794
  Acc Tens: 0.9966
  Acc Ones: 0.9811
