Starting training for basic_mv3s model
Device: cuda, Epochs: 30, Batch size: 64
LR: 0.001, Warmup: 1 epochs, Grad clip: 1.0
Mixed precision: True
Early stopping: patience=30 epochs (based on val loss)

============================================================
Epoch 1/30
============================================================
Learning rate: 0.000014
Epoch 1/30 | Train Loss: 2.0143, Val Loss: 1.4187 | Train Acc#: 0.3903, Val Acc#: 0.5418
Saved best checkpoint: outputs/checkpoints/basic_mv3s_best.pth (Val Acc: 0.5418)

============================================================
Epoch 2/30
============================================================
Epoch 2/30 | Train Loss: 0.6747, Val Loss: 0.7898 | Train Acc#: 0.7515, Val Acc#: 0.7509
Saved best checkpoint: outputs/checkpoints/basic_mv3s_best.pth (Val Acc: 0.7509)

============================================================
Epoch 3/30
============================================================
Epoch 3/30 | Train Loss: 0.3303, Val Loss: 0.6193 | Train Acc#: 0.8894, Val Acc#: 0.8153
Saved best checkpoint: outputs/checkpoints/basic_mv3s_best.pth (Val Acc: 0.8153)

============================================================
Epoch 4/30
============================================================
Epoch 4/30 | Train Loss: 0.2485, Val Loss: 0.3750 | Train Acc#: 0.9175, Val Acc#: 0.8850
Saved best checkpoint: outputs/checkpoints/basic_mv3s_best.pth (Val Acc: 0.8850)

============================================================
Epoch 5/30
============================================================
Learning rate: 0.000974
Epoch 5/30 | Train Loss: 0.1528, Val Loss: 0.5611 | Train Acc#: 0.9502, Val Acc#: 0.8432 | No improvement: 1/30

============================================================
Epoch 6/30
============================================================
Epoch 6/30 | Train Loss: 0.1378, Val Loss: 0.2999 | Train Acc#: 0.9547, Val Acc#: 0.9268
Saved best checkpoint: outputs/checkpoints/basic_mv3s_best.pth (Val Acc: 0.9268)

============================================================
Epoch 7/30
============================================================
Epoch 7/30 | Train Loss: 0.0917, Val Loss: 0.2881 | Train Acc#: 0.9701, Val Acc#: 0.9321
Saved best checkpoint: outputs/checkpoints/basic_mv3s_best.pth (Val Acc: 0.9321)

============================================================
Epoch 8/30
============================================================
Epoch 8/30 | Train Loss: 0.0846, Val Loss: 0.4835 | Train Acc#: 0.9711, Val Acc#: 0.8920 | No improvement: 1/30

============================================================
Epoch 9/30
============================================================
Epoch 9/30 | Train Loss: 0.0643, Val Loss: 0.3098 | Train Acc#: 0.9790, Val Acc#: 0.9199 | No improvement: 2/30

============================================================
Epoch 10/30
============================================================
Learning rate: 0.000824
Epoch 10/30 | Train Loss: 0.0672, Val Loss: 0.2810 | Train Acc#: 0.9790, Val Acc#: 0.9286

============================================================
Epoch 11/30
============================================================
Epoch 11/30 | Train Loss: 0.0496, Val Loss: 0.3331 | Train Acc#: 0.9846, Val Acc#: 0.9251 | No improvement: 1/30

============================================================
Epoch 12/30
============================================================
Epoch 12/30 | Train Loss: 0.0419, Val Loss: 0.3565 | Train Acc#: 0.9865, Val Acc#: 0.9233 | No improvement: 2/30

============================================================
Epoch 13/30
============================================================
Epoch 13/30 | Train Loss: 0.0423, Val Loss: 0.3789 | Train Acc#: 0.9863, Val Acc#: 0.8972 | No improvement: 3/30

============================================================
Epoch 14/30
============================================================
Epoch 14/30 | Train Loss: 0.0373, Val Loss: 0.3121 | Train Acc#: 0.9878, Val Acc#: 0.9111 | No improvement: 4/30

============================================================
Epoch 15/30
============================================================
Learning rate: 0.000581
Epoch 15/30 | Train Loss: 0.0199, Val Loss: 0.2720 | Train Acc#: 0.9938, Val Acc#: 0.9303

============================================================
Epoch 16/30
============================================================
Epoch 16/30 | Train Loss: 0.0127, Val Loss: 0.2968 | Train Acc#: 0.9972, Val Acc#: 0.9268 | No improvement: 1/30

============================================================
Epoch 17/30
============================================================
Epoch 17/30 | Train Loss: 0.0086, Val Loss: 0.2836 | Train Acc#: 0.9981, Val Acc#: 0.9373 | No improvement: 2/30
Saved best checkpoint: outputs/checkpoints/basic_mv3s_best.pth (Val Acc: 0.9373)

============================================================
Epoch 18/30
============================================================
Epoch 18/30 | Train Loss: 0.0100, Val Loss: 0.2730 | Train Acc#: 0.9964, Val Acc#: 0.9355 | No improvement: 3/30

============================================================
Epoch 19/30
============================================================
Epoch 19/30 | Train Loss: 0.0063, Val Loss: 0.2745 | Train Acc#: 0.9974, Val Acc#: 0.9408 | No improvement: 4/30
Saved best checkpoint: outputs/checkpoints/basic_mv3s_best.pth (Val Acc: 0.9408)

============================================================
Epoch 20/30
============================================================
Learning rate: 0.000315
Epoch 20/30 | Train Loss: 0.0073, Val Loss: 0.2902 | Train Acc#: 0.9976, Val Acc#: 0.9338 | No improvement: 5/30

============================================================
Epoch 21/30
============================================================
Epoch 21/30 | Train Loss: 0.0048, Val Loss: 0.3244 | Train Acc#: 0.9994, Val Acc#: 0.9268 | No improvement: 6/30

============================================================
Epoch 22/30
============================================================
Epoch 22/30 | Train Loss: 0.0033, Val Loss: 0.3018 | Train Acc#: 0.9987, Val Acc#: 0.9408 | No improvement: 7/30

============================================================
Epoch 23/30
============================================================
Epoch 23/30 | Train Loss: 0.0026, Val Loss: 0.2913 | Train Acc#: 0.9996, Val Acc#: 0.9355 | No improvement: 8/30

============================================================
Epoch 24/30
============================================================
Epoch 24/30 | Train Loss: 0.0033, Val Loss: 0.2906 | Train Acc#: 0.9991, Val Acc#: 0.9355 | No improvement: 9/30

============================================================
Epoch 25/30
============================================================
Learning rate: 0.000102
Epoch 25/30 | Train Loss: 0.0023, Val Loss: 0.2810 | Train Acc#: 0.9994, Val Acc#: 0.9373 | No improvement: 10/30

============================================================
Epoch 26/30
============================================================
Epoch 26/30 | Train Loss: 0.0026, Val Loss: 0.2829 | Train Acc#: 0.9996, Val Acc#: 0.9408 | No improvement: 11/30

============================================================
Epoch 27/30
============================================================
Epoch 27/30 | Train Loss: 0.0021, Val Loss: 0.2817 | Train Acc#: 0.9994, Val Acc#: 0.9408 | No improvement: 12/30

============================================================
Epoch 28/30
============================================================
Epoch 28/30 | Train Loss: 0.0017, Val Loss: 0.2830 | Train Acc#: 0.9998, Val Acc#: 0.9408 | No improvement: 13/30

============================================================
Epoch 29/30
============================================================
Epoch 29/30 | Train Loss: 0.0015, Val Loss: 0.2846 | Train Acc#: 0.9996, Val Acc#: 0.9390 | No improvement: 14/30

============================================================
Epoch 30/30
============================================================
Learning rate: 0.000003
Epoch 30/30 | Train Loss: 0.0018, Val Loss: 0.2877 | Train Acc#: 0.9994, Val Acc#: 0.9408 | No improvement: 15/30

Evaluating on test set with best model...
Test Metrics:
  Loss: 0.3186
  Acc Number: 0.9399
  Acc Tens: 0.9897
  Acc Ones: 0.9433
