Starting training for basic_mv3l model
Device: cuda, Epochs: 30, Batch size: 64
LR: 0.001, Warmup: 1 epochs, Grad clip: 1.0
Mixed precision: True
Early stopping: patience=30 epochs (based on val loss)

============================================================
Epoch 1/30
============================================================
Learning rate: 0.000014
Epoch 1/30 | Train Loss: 1.7896, Val Loss: 1.2785 | Train Acc#: 0.4363, Val Acc#: 0.5906
Saved best checkpoint: outputs/checkpoints/basic_mv3l_best.pth (Val Acc: 0.5906)

============================================================
Epoch 2/30
============================================================
Epoch 2/30 | Train Loss: 0.5290, Val Loss: 0.8619 | Train Acc#: 0.8244, Val Acc#: 0.7753
Saved best checkpoint: outputs/checkpoints/basic_mv3l_best.pth (Val Acc: 0.7753)

============================================================
Epoch 3/30
============================================================
Epoch 3/30 | Train Loss: 0.2835, Val Loss: 0.5326 | Train Acc#: 0.9112, Val Acc#: 0.8449
Saved best checkpoint: outputs/checkpoints/basic_mv3l_best.pth (Val Acc: 0.8449)

============================================================
Epoch 4/30
============================================================
Epoch 4/30 | Train Loss: 0.2012, Val Loss: 0.3536 | Train Acc#: 0.9397, Val Acc#: 0.8920
Saved best checkpoint: outputs/checkpoints/basic_mv3l_best.pth (Val Acc: 0.8920)

============================================================
Epoch 5/30
============================================================
Learning rate: 0.000974
Epoch 5/30 | Train Loss: 0.1744, Val Loss: 0.3173 | Train Acc#: 0.9453, Val Acc#: 0.9146
Saved best checkpoint: outputs/checkpoints/basic_mv3l_best.pth (Val Acc: 0.9146)

============================================================
Epoch 6/30
============================================================
Epoch 6/30 | Train Loss: 0.1447, Val Loss: 0.4056 | Train Acc#: 0.9581, Val Acc#: 0.9024 | No improvement: 1/30

============================================================
Epoch 7/30
============================================================
Epoch 7/30 | Train Loss: 0.1114, Val Loss: 0.2504 | Train Acc#: 0.9666, Val Acc#: 0.9355
Saved best checkpoint: outputs/checkpoints/basic_mv3l_best.pth (Val Acc: 0.9355)

============================================================
Epoch 8/30
============================================================
Epoch 8/30 | Train Loss: 0.0954, Val Loss: 0.2741 | Train Acc#: 0.9750, Val Acc#: 0.9390 | No improvement: 1/30
Saved best checkpoint: outputs/checkpoints/basic_mv3l_best.pth (Val Acc: 0.9390)

============================================================
Epoch 9/30
============================================================
Epoch 9/30 | Train Loss: 0.0808, Val Loss: 0.2190 | Train Acc#: 0.9769, Val Acc#: 0.9408
Saved best checkpoint: outputs/checkpoints/basic_mv3l_best.pth (Val Acc: 0.9408)

============================================================
Epoch 10/30
============================================================
Learning rate: 0.000824
Epoch 10/30 | Train Loss: 0.0646, Val Loss: 0.2509 | Train Acc#: 0.9786, Val Acc#: 0.9408 | No improvement: 1/30

============================================================
Epoch 11/30
============================================================
Epoch 11/30 | Train Loss: 0.0615, Val Loss: 0.2410 | Train Acc#: 0.9808, Val Acc#: 0.9373 | No improvement: 2/30

============================================================
Epoch 12/30
============================================================
Epoch 12/30 | Train Loss: 0.0493, Val Loss: 0.2114 | Train Acc#: 0.9870, Val Acc#: 0.9495
Saved best checkpoint: outputs/checkpoints/basic_mv3l_best.pth (Val Acc: 0.9495)

============================================================
Epoch 13/30
============================================================
Epoch 13/30 | Train Loss: 0.0299, Val Loss: 0.2016 | Train Acc#: 0.9893, Val Acc#: 0.9425

============================================================
Epoch 14/30
============================================================
Epoch 14/30 | Train Loss: 0.0244, Val Loss: 0.2197 | Train Acc#: 0.9925, Val Acc#: 0.9425 | No improvement: 1/30

============================================================
Epoch 15/30
============================================================
Learning rate: 0.000581
Epoch 15/30 | Train Loss: 0.0224, Val Loss: 0.2069 | Train Acc#: 0.9921, Val Acc#: 0.9564 | No improvement: 2/30
Saved best checkpoint: outputs/checkpoints/basic_mv3l_best.pth (Val Acc: 0.9564)

============================================================
Epoch 16/30
============================================================
Epoch 16/30 | Train Loss: 0.0192, Val Loss: 0.2079 | Train Acc#: 0.9947, Val Acc#: 0.9443 | No improvement: 3/30

============================================================
Epoch 17/30
============================================================
Epoch 17/30 | Train Loss: 0.0145, Val Loss: 0.1911 | Train Acc#: 0.9957, Val Acc#: 0.9512

============================================================
Epoch 18/30
============================================================
Epoch 18/30 | Train Loss: 0.0105, Val Loss: 0.1875 | Train Acc#: 0.9962, Val Acc#: 0.9530

============================================================
Epoch 19/30
============================================================
Epoch 19/30 | Train Loss: 0.0068, Val Loss: 0.2228 | Train Acc#: 0.9974, Val Acc#: 0.9460 | No improvement: 1/30

============================================================
Epoch 20/30
============================================================
Learning rate: 0.000315
Epoch 20/30 | Train Loss: 0.0072, Val Loss: 0.2011 | Train Acc#: 0.9981, Val Acc#: 0.9530 | No improvement: 2/30

============================================================
Epoch 21/30
============================================================
Epoch 21/30 | Train Loss: 0.0027, Val Loss: 0.1647 | Train Acc#: 0.9994, Val Acc#: 0.9564

============================================================
Epoch 22/30
============================================================
Epoch 22/30 | Train Loss: 0.0054, Val Loss: 0.1540 | Train Acc#: 0.9985, Val Acc#: 0.9582
Saved best checkpoint: outputs/checkpoints/basic_mv3l_best.pth (Val Acc: 0.9582)

============================================================
Epoch 23/30
============================================================
Epoch 23/30 | Train Loss: 0.0042, Val Loss: 0.1537 | Train Acc#: 0.9989, Val Acc#: 0.9599
Saved best checkpoint: outputs/checkpoints/basic_mv3l_best.pth (Val Acc: 0.9599)

============================================================
Epoch 24/30
============================================================
Epoch 24/30 | Train Loss: 0.0022, Val Loss: 0.1596 | Train Acc#: 0.9994, Val Acc#: 0.9564 | No improvement: 1/30

============================================================
Epoch 25/30
============================================================
Learning rate: 0.000102
Epoch 25/30 | Train Loss: 0.0016, Val Loss: 0.1580 | Train Acc#: 0.9994, Val Acc#: 0.9617 | No improvement: 2/30
Saved best checkpoint: outputs/checkpoints/basic_mv3l_best.pth (Val Acc: 0.9617)

============================================================
Epoch 26/30
============================================================
Epoch 26/30 | Train Loss: 0.0020, Val Loss: 0.1522 | Train Acc#: 0.9994, Val Acc#: 0.9617

============================================================
Epoch 27/30
============================================================
Epoch 27/30 | Train Loss: 0.0019, Val Loss: 0.1527 | Train Acc#: 0.9994, Val Acc#: 0.9617 | No improvement: 1/30

============================================================
Epoch 28/30
============================================================
Epoch 28/30 | Train Loss: 0.0010, Val Loss: 0.1550 | Train Acc#: 1.0000, Val Acc#: 0.9599 | No improvement: 2/30

============================================================
Epoch 29/30
============================================================
Epoch 29/30 | Train Loss: 0.0033, Val Loss: 0.1570 | Train Acc#: 0.9994, Val Acc#: 0.9617 | No improvement: 3/30

============================================================
Epoch 30/30
============================================================
Learning rate: 0.000003
Epoch 30/30 | Train Loss: 0.0052, Val Loss: 0.1574 | Train Acc#: 0.9991, Val Acc#: 0.9617 | No improvement: 4/30

Evaluating on test set with best model...
Test Metrics:
  Loss: 0.2340
  Acc Number: 0.9536
  Acc Tens: 0.9897
  Acc Ones: 0.9588
