Starting training for seq_bgru_mp model
Device: cuda, Epochs: 30, Batch size: 64
LR: 0.001, Warmup: 1 epochs, Grad clip: 1.0
Mixed precision: True
Early stopping: patience=30 epochs (based on val loss)

============================================================
Epoch 1/30
============================================================
Learning rate: 0.000001
Epoch 1/30 | Train Loss: 2.3197, Val Loss: 0.6602 | Train Acc#: 0.4271, Val Acc#: 0.8031
Saved best checkpoint: outputs/checkpoints/seq_bgru_mp_best.pth (Val Acc: 0.8031)

============================================================
Epoch 2/30
============================================================
Epoch 2/30 | Train Loss: 0.3085, Val Loss: 0.2064 | Train Acc#: 0.9181, Val Acc#: 0.9390
Saved best checkpoint: outputs/checkpoints/seq_bgru_mp_best.pth (Val Acc: 0.9390)

============================================================
Epoch 3/30
============================================================
Epoch 3/30 | Train Loss: 0.1201, Val Loss: 0.2136 | Train Acc#: 0.9733, Val Acc#: 0.9390 | No improvement: 1/30

============================================================
Epoch 4/30
============================================================
Epoch 4/30 | Train Loss: 0.0711, Val Loss: 0.1211 | Train Acc#: 0.9831, Val Acc#: 0.9617
Saved best checkpoint: outputs/checkpoints/seq_bgru_mp_best.pth (Val Acc: 0.9617)

============================================================
Epoch 5/30
============================================================
Learning rate: 0.000097
Epoch 5/30 | Train Loss: 0.0460, Val Loss: 0.1138 | Train Acc#: 0.9889, Val Acc#: 0.9669
Saved best checkpoint: outputs/checkpoints/seq_bgru_mp_best.pth (Val Acc: 0.9669)

============================================================
Epoch 6/30
============================================================
Epoch 6/30 | Train Loss: 0.0289, Val Loss: 0.1148 | Train Acc#: 0.9940, Val Acc#: 0.9704 | No improvement: 1/30
Saved best checkpoint: outputs/checkpoints/seq_bgru_mp_best.pth (Val Acc: 0.9704)

============================================================
Epoch 7/30
============================================================
Epoch 7/30 | Train Loss: 0.0236, Val Loss: 0.0739 | Train Acc#: 0.9932, Val Acc#: 0.9756
Saved best checkpoint: outputs/checkpoints/seq_bgru_mp_best.pth (Val Acc: 0.9756)

============================================================
Epoch 8/30
============================================================
Epoch 8/30 | Train Loss: 0.0131, Val Loss: 0.1160 | Train Acc#: 0.9962, Val Acc#: 0.9669 | No improvement: 1/30

============================================================
Epoch 9/30
============================================================
Epoch 9/30 | Train Loss: 0.0193, Val Loss: 0.0819 | Train Acc#: 0.9934, Val Acc#: 0.9774 | No improvement: 2/30
Saved best checkpoint: outputs/checkpoints/seq_bgru_mp_best.pth (Val Acc: 0.9774)

============================================================
Epoch 10/30
============================================================
Learning rate: 0.000082
Epoch 10/30 | Train Loss: 0.0139, Val Loss: 0.1056 | Train Acc#: 0.9959, Val Acc#: 0.9756 | No improvement: 3/30

============================================================
Epoch 11/30
============================================================
Epoch 11/30 | Train Loss: 0.0078, Val Loss: 0.0902 | Train Acc#: 0.9976, Val Acc#: 0.9791 | No improvement: 4/30
Saved best checkpoint: outputs/checkpoints/seq_bgru_mp_best.pth (Val Acc: 0.9791)

============================================================
Epoch 12/30
============================================================
Epoch 12/30 | Train Loss: 0.0041, Val Loss: 0.0569 | Train Acc#: 0.9991, Val Acc#: 0.9826
Saved best checkpoint: outputs/checkpoints/seq_bgru_mp_best.pth (Val Acc: 0.9826)

============================================================
Epoch 13/30
============================================================
Epoch 13/30 | Train Loss: 0.0042, Val Loss: 0.0673 | Train Acc#: 0.9987, Val Acc#: 0.9826 | No improvement: 1/30

============================================================
Epoch 14/30
============================================================
Epoch 14/30 | Train Loss: 0.0040, Val Loss: 0.0661 | Train Acc#: 0.9989, Val Acc#: 0.9861 | No improvement: 2/30
Saved best checkpoint: outputs/checkpoints/seq_bgru_mp_best.pth (Val Acc: 0.9861)

============================================================
Epoch 15/30
============================================================
Learning rate: 0.000058
Epoch 15/30 | Train Loss: 0.0028, Val Loss: 0.0613 | Train Acc#: 0.9994, Val Acc#: 0.9861 | No improvement: 3/30

============================================================
Epoch 16/30
============================================================
Epoch 16/30 | Train Loss: 0.0036, Val Loss: 0.0656 | Train Acc#: 0.9985, Val Acc#: 0.9826 | No improvement: 4/30

============================================================
Epoch 17/30
============================================================
Epoch 17/30 | Train Loss: 0.0026, Val Loss: 0.0828 | Train Acc#: 0.9994, Val Acc#: 0.9791 | No improvement: 5/30

============================================================
Epoch 18/30
============================================================
Epoch 18/30 | Train Loss: 0.0024, Val Loss: 0.0576 | Train Acc#: 0.9994, Val Acc#: 0.9843 | No improvement: 6/30

============================================================
Epoch 19/30
============================================================
Epoch 19/30 | Train Loss: 0.0039, Val Loss: 0.0703 | Train Acc#: 0.9994, Val Acc#: 0.9808 | No improvement: 7/30

============================================================
Epoch 20/30
============================================================
Learning rate: 0.000031
Epoch 20/30 | Train Loss: 0.0012, Val Loss: 0.0657 | Train Acc#: 0.9998, Val Acc#: 0.9826 | No improvement: 8/30

============================================================
Epoch 21/30
============================================================
Epoch 21/30 | Train Loss: 0.0010, Val Loss: 0.0617 | Train Acc#: 0.9998, Val Acc#: 0.9808 | No improvement: 9/30

============================================================
Epoch 22/30
============================================================
Epoch 22/30 | Train Loss: 0.0011, Val Loss: 0.0580 | Train Acc#: 0.9998, Val Acc#: 0.9826 | No improvement: 10/30

============================================================
Epoch 23/30
============================================================
Epoch 23/30 | Train Loss: 0.0012, Val Loss: 0.0570 | Train Acc#: 0.9998, Val Acc#: 0.9826 | No improvement: 11/30

============================================================
Epoch 24/30
============================================================
Epoch 24/30 | Train Loss: 0.0016, Val Loss: 0.0578 | Train Acc#: 0.9994, Val Acc#: 0.9843 | No improvement: 12/30

============================================================
Epoch 25/30
============================================================
Learning rate: 0.000010
Epoch 25/30 | Train Loss: 0.0009, Val Loss: 0.0689 | Train Acc#: 0.9998, Val Acc#: 0.9826 | No improvement: 13/30

============================================================
Epoch 26/30
============================================================
Epoch 26/30 | Train Loss: 0.0009, Val Loss: 0.0597 | Train Acc#: 0.9998, Val Acc#: 0.9826 | No improvement: 14/30

============================================================
Epoch 27/30
============================================================
Epoch 27/30 | Train Loss: 0.0011, Val Loss: 0.0659 | Train Acc#: 0.9996, Val Acc#: 0.9808 | No improvement: 15/30

============================================================
Epoch 28/30
============================================================
Epoch 28/30 | Train Loss: 0.0011, Val Loss: 0.0581 | Train Acc#: 0.9998, Val Acc#: 0.9861 | No improvement: 16/30

============================================================
Epoch 29/30
============================================================
Epoch 29/30 | Train Loss: 0.0009, Val Loss: 0.0626 | Train Acc#: 0.9998, Val Acc#: 0.9808 | No improvement: 17/30

============================================================
Epoch 30/30
============================================================
Learning rate: 0.000000
Epoch 30/30 | Train Loss: 0.0009, Val Loss: 0.0771 | Train Acc#: 1.0000, Val Acc#: 0.9774 | No improvement: 18/30

Evaluating on test set with best model...
Test Metrics:
  Loss: 0.1392
  Acc Number: 0.9777
  Acc Tens: 0.9966
  Acc Ones: 0.9794
